<?xml version="1.0" encoding="UTF-8"?>
<!-- Generated by org.testng.reporters.JUnitReportReporter -->
<testsuite skipped="0" hostname="admin-PC" name="com.Guru99ecommerce.testcases.TC_Homepage_0001" tests="4" failures="0" timestamp="16 May 2019 15:21:28 GMT" time="37.989" errors="0">
  <testcase name="title_verification" time="0.062" classname="com.Guru99ecommerce.testcases.TC_Homepage_0001"/>
  <testcase name="Sort" time="19.224" classname="com.Guru99ecommerce.testcases.TC_Homepage_0001"/>
  <testcase name="title_verification1" time="5.193" classname="com.Guru99ecommerce.testcases.TC_Homepage_0001"/>
  <testcase name="Sort_Name" time="13.510" classname="com.Guru99ecommerce.testcases.TC_Homepage_0001"/>
</testsuite> <!-- com.Guru99ecommerce.testcases.TC_Homepage_0001 -->
