<?xml version="1.0" encoding="UTF-8"?>
<!-- Generated by org.testng.reporters.JUnitReportReporter -->
<testsuite skipped="0" hostname="admin-PC" name="com.Guru99ecommerce.testcases.TC_ShippingInfo_010" tests="1" failures="0" timestamp="15 Apr 2019 15:21:29 GMT" time="4.871" errors="0">
  <testcase name="shipping" time="4.871" classname="com.Guru99ecommerce.testcases.TC_ShippingInfo_010"/>
</testsuite> <!-- com.Guru99ecommerce.testcases.TC_ShippingInfo_010 -->
