<?xml version="1.0" encoding="UTF-8"?>
<!-- Generated by org.testng.reporters.JUnitReportReporter -->
<testsuite skipped="0" hostname="admin-PC" name="com.Guru99ecommerce.testcases.TC_Login_007" tests="1" failures="0" timestamp="15 Apr 2019 15:21:29 GMT" time="11.729" errors="0">
  <testcase name="login" time="11.729" classname="com.Guru99ecommerce.testcases.TC_Login_007"/>
</testsuite> <!-- com.Guru99ecommerce.testcases.TC_Login_007 -->
