<?xml version="1.0" encoding="UTF-8"?>
<!-- Generated by org.testng.reporters.JUnitReportReporter -->
<testsuite skipped="0" hostname="admin-PC" name="com.Guru99ecommerce.testcases.TC_ReadPrice_002" tests="1" failures="0" timestamp="16 May 2019 15:21:28 GMT" time="12.502" errors="0">
  <testcase name="priceverificaion" time="12.502" classname="com.Guru99ecommerce.testcases.TC_ReadPrice_002"/>
</testsuite> <!-- com.Guru99ecommerce.testcases.TC_ReadPrice_002 -->
