<?xml version="1.0" encoding="UTF-8"?>
<!-- Generated by org.testng.reporters.JUnitReportReporter -->
<testsuite skipped="0" hostname="admin-PC" name="com.Guru99ecommerce.testcases.TC_BillingInfoAddress_011" tests="2" failures="0" timestamp="15 Apr 2019 15:21:29 GMT" time="44.661" errors="0">
  <testcase name="Billingaddress" time="1.421" classname="com.Guru99ecommerce.testcases.TC_BillingInfoAddress_011"/>
  <testcase name="Shippingaddress" time="43.240" classname="com.Guru99ecommerce.testcases.TC_BillingInfoAddress_011"/>
</testsuite> <!-- com.Guru99ecommerce.testcases.TC_BillingInfoAddress_011 -->
