<?xml version="1.0" encoding="UTF-8"?>
<!-- Generated by org.testng.reporters.JUnitReportReporter -->
<testsuite skipped="0" hostname="admin-PC" name="com.Guru99ecommerce.testcases.TC_CompareProducts_005" tests="1" failures="0" timestamp="15 Apr 2019 15:21:29 GMT" time="31.048" errors="0">
  <testcase name="Mobile_Comparison" time="31.048" classname="com.Guru99ecommerce.testcases.TC_CompareProducts_005"/>
</testsuite> <!-- com.Guru99ecommerce.testcases.TC_CompareProducts_005 -->
