<?xml version="1.0" encoding="UTF-8"?>
<!-- Generated by org.testng.reporters.JUnitReportReporter -->
<testsuite skipped="0" hostname="admin-PC" name="com.Guru99ecommerce.testcases.TC_WishList_009" tests="1" failures="0" timestamp="15 Apr 2019 15:21:29 GMT" time="2.721" errors="0">
  <testcase name="wishlistcheck" time="2.721" classname="com.Guru99ecommerce.testcases.TC_WishList_009"/>
</testsuite> <!-- com.Guru99ecommerce.testcases.TC_WishList_009 -->
